DEBUG: PSQLConnector Thu Nov 03 22:01:02 MSK 2022 INSERT INTO games(uid, created, userUID, updated, status, time, hiddenWord, countAttempts) VALUES ('c0ee6f80-e192-4eed-8c2e-53177f38c5b2', 'Thu Nov 03 22:01:02 MSK 2022', '628374c6-5f0c-4130-a75f-99c107de73a6', 'Thu Nov 03 22:01:02 MSK 2022', 'IN_GAME', '', 'радий', '0');
DEBUG: PSQLConnector Thu Nov 03 22:04:51 MSK 2022 sending query SELECT * FROM users WHERE login = 'test'; to PSQL
DEBUG: PSQLConnector Thu Nov 03 22:04:51 MSK 2022 SELECT * FROM users WHERE login = 'test';
DEBUG: JwtUserDetailsService Thu Nov 03 22:04:51 MSK 2022 user with login test successfully loaded
DEBUG: PSQLConnector Thu Nov 03 22:04:51 MSK 2022 sending query SELECT * FROM words WHERE countletters = 5; to PSQL
DEBUG: PSQLConnector Thu Nov 03 22:04:51 MSK 2022 SELECT * FROM words WHERE countletters = 5;
DEBUG: PSQLConnector Thu Nov 03 22:04:51 MSK 2022 sending query INSERT INTO games(uid, created, userUID, updated, status, time, hiddenWord, countAttempts) VALUES ('64e0843c-bc49-4330-a306-1f425f1d2564', 'Thu Nov 03 22:04:51 MSK 2022', '628374c6-5f0c-4130-a75f-99c107de73a6', 'Thu Nov 03 22:04:51 MSK 2022', 'IN_GAME', '', 'заика', '0'); to PSQL
DEBUG: PSQLConnector Thu Nov 03 22:04:51 MSK 2022 INSERT INTO games(uid, created, userUID, updated, status, time, hiddenWord, countAttempts) VALUES ('64e0843c-bc49-4330-a306-1f425f1d2564', 'Thu Nov 03 22:04:51 MSK 2022', '628374c6-5f0c-4130-a75f-99c107de73a6', 'Thu Nov 03 22:04:51 MSK 2022', 'IN_GAME', '', 'заика', '0');
DEBUG: PSQLConnector Thu Nov 03 22:04:58 MSK 2022 sending query SELECT * FROM users WHERE login = 'test'; to PSQL
DEBUG: PSQLConnector Thu Nov 03 22:04:58 MSK 2022 SELECT * FROM users WHERE login = 'test';
DEBUG: JwtUserDetailsService Thu Nov 03 22:04:58 MSK 2022 user with login test successfully loaded
DEBUG: PSQLConnector Thu Nov 03 22:04:58 MSK 2022 sending query SELECT * FROM words WHERE countletters = 5; to PSQL
DEBUG: PSQLConnector Thu Nov 03 22:04:58 MSK 2022 SELECT * FROM words WHERE countletters = 5;
DEBUG: PSQLConnector Thu Nov 03 22:04:58 MSK 2022 sending query INSERT INTO games(uid, created, userUID, updated, status, time, hiddenWord, countAttempts) VALUES ('c4ac2e58-f266-468c-b279-5a0fc547b7b8', 'Thu Nov 03 22:04:58 MSK 2022', '628374c6-5f0c-4130-a75f-99c107de73a6', 'Thu Nov 03 22:04:58 MSK 2022', 'IN_GAME', '', 'турок', '0'); to PSQL
DEBUG: PSQLConnector Thu Nov 03 22:04:58 MSK 2022 INSERT INTO games(uid, created, userUID, updated, status, time, hiddenWord, countAttempts) VALUES ('c4ac2e58-f266-468c-b279-5a0fc547b7b8', 'Thu Nov 03 22:04:58 MSK 2022', '628374c6-5f0c-4130-a75f-99c107de73a6', 'Thu Nov 03 22:04:58 MSK 2022', 'IN_GAME', '', 'турок', '0');
DEBUG: PSQLConnector Thu Nov 03 22:05:05 MSK 2022 sending query SELECT * FROM users WHERE login = 'test'; to PSQL
DEBUG: PSQLConnector Thu Nov 03 22:05:05 MSK 2022 SELECT * FROM users WHERE login = 'test';
DEBUG: JwtUserDetailsService Thu Nov 03 22:05:05 MSK 2022 user with login test successfully loaded
DEBUG: PSQLConnector Thu Nov 03 22:05:05 MSK 2022 sending query SELECT * FROM words WHERE countletters = 5; to PSQL
DEBUG: PSQLConnector Thu Nov 03 22:05:05 MSK 2022 SELECT * FROM words WHERE countletters = 5;
DEBUG: PSQLConnector Thu Nov 03 22:05:05 MSK 2022 sending query INSERT INTO games(uid, created, userUID, updated, status, time, hiddenWord, countAttempts) VALUES ('2cdc69d0-f251-4e87-b57b-17fb2445214a', 'Thu Nov 03 22:05:05 MSK 2022', '628374c6-5f0c-4130-a75f-99c107de73a6', 'Thu Nov 03 22:05:05 MSK 2022', 'IN_GAME', '', 'бачок', '0'); to PSQL
DEBUG: PSQLConnector Thu Nov 03 22:05:05 MSK 2022 INSERT INTO games(uid, created, userUID, updated, status, time, hiddenWord, countAttempts) VALUES ('2cdc69d0-f251-4e87-b57b-17fb2445214a', 'Thu Nov 03 22:05:05 MSK 2022', '628374c6-5f0c-4130-a75f-99c107de73a6', 'Thu Nov 03 22:05:05 MSK 2022', 'IN_GAME', '', 'бачок', '0');
DEBUG: PSQLConnector Thu Nov 03 22:05:40 MSK 2022 sending query SELECT * FROM users WHERE login = 'test'; to PSQL
DEBUG: PSQLConnector Thu Nov 03 22:05:40 MSK 2022 SELECT * FROM users WHERE login = 'test';
DEBUG: JwtUserDetailsService Thu Nov 03 22:05:40 MSK 2022 user with login test successfully loaded
DEBUG: PSQLConnector Thu Nov 03 22:05:40 MSK 2022 sending query SELECT * FROM words WHERE countletters = 5; to PSQL
DEBUG: PSQLConnector Thu Nov 03 22:05:40 MSK 2022 SELECT * FROM words WHERE countletters = 5;
DEBUG: PSQLConnector Thu Nov 03 22:05:40 MSK 2022 sending query INSERT INTO games(uid, created, userUID, updated, status, time, hiddenWord, countAttempts) VALUES ('c4a3fdb6-bddd-49ed-a32e-d82d61c6c470', 'Thu Nov 03 22:05:40 MSK 2022', '628374c6-5f0c-4130-a75f-99c107de73a6', 'Thu Nov 03 22:05:40 MSK 2022', 'IN_GAME', '', 'особа', '0'); to PSQL
DEBUG: PSQLConnector Thu Nov 03 22:05:40 MSK 2022 INSERT INTO games(uid, created, userUID, updated, status, time, hiddenWord, countAttempts) VALUES ('c4a3fdb6-bddd-49ed-a32e-d82d61c6c470', 'Thu Nov 03 22:05:40 MSK 2022', '628374c6-5f0c-4130-a75f-99c107de73a6', 'Thu Nov 03 22:05:40 MSK 2022', 'IN_GAME', '', 'особа', '0');
DEBUG: PSQLConnector Thu Nov 03 22:28:20 MSK 2022 sending query SELECT * FROM users WHERE login = 'test'; to PSQL
DEBUG: PSQLConnector Thu Nov 03 22:28:20 MSK 2022 SELECT * FROM users WHERE login = 'test';
DEBUG: JwtUserDetailsService Thu Nov 03 22:28:20 MSK 2022 user with login test successfully loaded
DEBUG: PSQLConnector Thu Nov 03 22:28:20 MSK 2022 sending query SELECT * FROM words WHERE countletters = 5; to PSQL
DEBUG: PSQLConnector Thu Nov 03 22:28:20 MSK 2022 SELECT * FROM words WHERE countletters = 5;
DEBUG: PSQLConnector Thu Nov 03 22:28:21 MSK 2022 sending query INSERT INTO games(uid, created, useruid, updated, status, time, hiddenWord, countAttempts) VALUES ('b6a14ac4-af9e-42c7-a8b5-d9083b0ddf86', '2022-11-03', '628374c6-5f0c-4130-a75f-99c107de73a6', '2022-11-03', 'IN_GAME', '', 'тулес', '0'); to PSQL
DEBUG: PSQLConnector Thu Nov 03 22:28:21 MSK 2022 INSERT INTO games(uid, created, useruid, updated, status, time, hiddenWord, countAttempts) VALUES ('b6a14ac4-af9e-42c7-a8b5-d9083b0ddf86', '2022-11-03', '628374c6-5f0c-4130-a75f-99c107de73a6', '2022-11-03', 'IN_GAME', '', 'тулес', '0');
DEBUG: PSQLConnector Thu Nov 03 22:41:06 MSK 2022 sending query SELECT * FROM users WHERE login = 'test'; to PSQL
DEBUG: PSQLConnector Thu Nov 03 22:41:06 MSK 2022 SELECT * FROM users WHERE login = 'test';
DEBUG: JwtUserDetailsService Thu Nov 03 22:41:06 MSK 2022 user with login test successfully loaded
DEBUG: PSQLConnector Thu Nov 03 22:41:06 MSK 2022 sending query SELECT * FROM games WHERE useruid = 628374c6-5f0c-4130-a75f-99c107de73a6; to PSQL
DEBUG: PSQLConnector Thu Nov 03 22:41:06 MSK 2022 SELECT * FROM games WHERE useruid = 628374c6-5f0c-4130-a75f-99c107de73a6;
DEBUG: PSQLConnector Thu Nov 03 22:41:06 MSK 2022 sending query SELECT * FROM users WHERE login = 'test'; to PSQL
DEBUG: PSQLConnector Thu Nov 03 22:41:06 MSK 2022 SELECT * FROM users WHERE login = 'test';
DEBUG: JwtUserDetailsService Thu Nov 03 22:41:06 MSK 2022 user with login test successfully loaded
DEBUG: PSQLConnector Thu Nov 03 22:41:08 MSK 2022 sending query SELECT * FROM users WHERE login = 'test'; to PSQL
DEBUG: PSQLConnector Thu Nov 03 22:41:08 MSK 2022 SELECT * FROM users WHERE login = 'test';
DEBUG: JwtUserDetailsService Thu Nov 03 22:41:08 MSK 2022 user with login test successfully loaded
DEBUG: PSQLConnector Thu Nov 03 22:41:08 MSK 2022 sending query SELECT * FROM games WHERE useruid = 628374c6-5f0c-4130-a75f-99c107de73a6; to PSQL
DEBUG: PSQLConnector Thu Nov 03 22:41:08 MSK 2022 SELECT * FROM games WHERE useruid = 628374c6-5f0c-4130-a75f-99c107de73a6;
DEBUG: PSQLConnector Thu Nov 03 22:41:08 MSK 2022 sending query SELECT * FROM users WHERE login = 'test'; to PSQL
DEBUG: PSQLConnector Thu Nov 03 22:41:08 MSK 2022 SELECT * FROM users WHERE login = 'test';
DEBUG: JwtUserDetailsService Thu Nov 03 22:41:08 MSK 2022 user with login test successfully loaded
DEBUG: PSQLConnector Thu Nov 03 22:41:24 MSK 2022 sending query SELECT * FROM users WHERE login = 'test'; to PSQL
DEBUG: PSQLConnector Thu Nov 03 22:41:24 MSK 2022 SELECT * FROM users WHERE login = 'test';
DEBUG: JwtUserDetailsService Thu Nov 03 22:41:24 MSK 2022 user with login test successfully loaded
DEBUG: PSQLConnector Thu Nov 03 22:41:24 MSK 2022 sending query SELECT * FROM games WHERE useruid = 628374c6-5f0c-4130-a75f-99c107de73a6; to PSQL
DEBUG: PSQLConnector Thu Nov 03 22:41:24 MSK 2022 SELECT * FROM games WHERE useruid = 628374c6-5f0c-4130-a75f-99c107de73a6;
DEBUG: PSQLConnector Thu Nov 03 22:41:24 MSK 2022 sending query SELECT * FROM users WHERE login = 'test'; to PSQL
DEBUG: PSQLConnector Thu Nov 03 22:41:24 MSK 2022 SELECT * FROM users WHERE login = 'test';
DEBUG: JwtUserDetailsService Thu Nov 03 22:41:24 MSK 2022 user with login test successfully loaded
DEBUG: PSQLConnector Thu Nov 03 22:41:30 MSK 2022 sending query SELECT * FROM users WHERE login = 'test'; to PSQL
DEBUG: PSQLConnector Thu Nov 03 22:41:30 MSK 2022 SELECT * FROM users WHERE login = 'test';
DEBUG: JwtUserDetailsService Thu Nov 03 22:41:30 MSK 2022 user with login test successfully loaded
DEBUG: PSQLConnector Thu Nov 03 22:41:40 MSK 2022 sending query SELECT * FROM games WHERE useruid = 628374c6-5f0c-4130-a75f-99c107de73a6; to PSQL
DEBUG: PSQLConnector Thu Nov 03 22:41:40 MSK 2022 SELECT * FROM games WHERE useruid = 628374c6-5f0c-4130-a75f-99c107de73a6;
DEBUG: PSQLConnector Thu Nov 03 22:41:40 MSK 2022 sending query SELECT * FROM users WHERE login = 'test'; to PSQL
DEBUG: PSQLConnector Thu Nov 03 22:41:40 MSK 2022 SELECT * FROM users WHERE login = 'test';
DEBUG: JwtUserDetailsService Thu Nov 03 22:41:40 MSK 2022 user with login test successfully loaded
DEBUG: PSQLConnector Thu Nov 03 22:41:53 MSK 2022 sending query SELECT * FROM users WHERE login = 'test'; to PSQL
DEBUG: PSQLConnector Thu Nov 03 22:41:53 MSK 2022 SELECT * FROM users WHERE login = 'test';
DEBUG: JwtUserDetailsService Thu Nov 03 22:41:53 MSK 2022 user with login test successfully loaded
DEBUG: PSQLConnector Thu Nov 03 22:41:58 MSK 2022 sending query SELECT * FROM games WHERE useruid = 628374c6-5f0c-4130-a75f-99c107de73a6; to PSQL
DEBUG: PSQLConnector Thu Nov 03 22:41:58 MSK 2022 SELECT * FROM games WHERE useruid = 628374c6-5f0c-4130-a75f-99c107de73a6;
DEBUG: PSQLConnector Thu Nov 03 22:41:58 MSK 2022 sending query SELECT * FROM users WHERE login = 'test'; to PSQL
DEBUG: PSQLConnector Thu Nov 03 22:41:58 MSK 2022 SELECT * FROM users WHERE login = 'test';
DEBUG: JwtUserDetailsService Thu Nov 03 22:41:58 MSK 2022 user with login test successfully loaded
DEBUG: PSQLConnector Thu Nov 03 22:42:35 MSK 2022 sending query SELECT * FROM users WHERE login = 'test'; to PSQL
DEBUG: PSQLConnector Thu Nov 03 22:42:35 MSK 2022 SELECT * FROM users WHERE login = 'test';
DEBUG: JwtUserDetailsService Thu Nov 03 22:42:35 MSK 2022 user with login test successfully loaded
DEBUG: PSQLConnector Thu Nov 03 22:43:13 MSK 2022 sending query SELECT * FROM games WHERE useruid = 628374c6-5f0c-4130-a75f-99c107de73a6; to PSQL
DEBUG: PSQLConnector Thu Nov 03 22:43:13 MSK 2022 SELECT * FROM games WHERE useruid = 628374c6-5f0c-4130-a75f-99c107de73a6;
DEBUG: PSQLConnector Thu Nov 03 22:43:16 MSK 2022 sending query SELECT * FROM users WHERE login = 'test'; to PSQL
DEBUG: PSQLConnector Thu Nov 03 22:43:16 MSK 2022 SELECT * FROM users WHERE login = 'test';
DEBUG: JwtUserDetailsService Thu Nov 03 22:43:16 MSK 2022 user with login test successfully loaded
DEBUG: PSQLConnector Thu Nov 03 22:43:21 MSK 2022 sending query SELECT * FROM users WHERE login = 'test'; to PSQL
DEBUG: PSQLConnector Thu Nov 03 22:43:21 MSK 2022 SELECT * FROM users WHERE login = 'test';
DEBUG: JwtUserDetailsService Thu Nov 03 22:43:21 MSK 2022 user with login test successfully loaded
DEBUG: PSQLConnector Thu Nov 03 22:43:22 MSK 2022 sending query SELECT * FROM games WHERE useruid = '628374c6-5f0c-4130-a75f-99c107de73a6'; to PSQL
DEBUG: PSQLConnector Thu Nov 03 22:43:22 MSK 2022 SELECT * FROM games WHERE useruid = '628374c6-5f0c-4130-a75f-99c107de73a6';
DEBUG: PSQLConnector Thu Nov 03 22:43:28 MSK 2022 sending query SELECT * FROM users WHERE login = 'test'; to PSQL
DEBUG: PSQLConnector Thu Nov 03 22:43:28 MSK 2022 SELECT * FROM users WHERE login = 'test';
DEBUG: JwtUserDetailsService Thu Nov 03 22:43:28 MSK 2022 user with login test successfully loaded
DEBUG: PSQLConnector Thu Nov 03 22:43:31 MSK 2022 sending query SELECT * FROM users WHERE login = 'test'; to PSQL
DEBUG: PSQLConnector Thu Nov 03 22:43:31 MSK 2022 SELECT * FROM users WHERE login = 'test';
DEBUG: JwtUserDetailsService Thu Nov 03 22:43:31 MSK 2022 user with login test successfully loaded
DEBUG: PSQLConnector Thu Nov 03 22:43:33 MSK 2022 sending query SELECT * FROM games WHERE useruid = '628374c6-5f0c-4130-a75f-99c107de73a6'; to PSQL
DEBUG: PSQLConnector Thu Nov 03 22:43:33 MSK 2022 SELECT * FROM games WHERE useruid = '628374c6-5f0c-4130-a75f-99c107de73a6';
DEBUG: PSQLConnector Thu Nov 03 22:43:45 MSK 2022 sending query SELECT * FROM users WHERE login = 'test'; to PSQL
DEBUG: PSQLConnector Thu Nov 03 22:43:45 MSK 2022 SELECT * FROM users WHERE login = 'test';
DEBUG: JwtUserDetailsService Thu Nov 03 22:43:45 MSK 2022 user with login test successfully loaded
DEBUG: PSQLConnector Thu Nov 03 22:46:31 MSK 2022 sending query SELECT * FROM users WHERE login = 'test'; to PSQL
DEBUG: PSQLConnector Thu Nov 03 22:46:31 MSK 2022 SELECT * FROM users WHERE login = 'test';
DEBUG: JwtUserDetailsService Thu Nov 03 22:46:31 MSK 2022 user with login test successfully loaded
DEBUG: PSQLConnector Thu Nov 03 22:46:36 MSK 2022 sending query SELECT * FROM games WHERE useruid = '628374c6-5f0c-4130-a75f-99c107de73a6'; to PSQL
DEBUG: PSQLConnector Thu Nov 03 22:46:36 MSK 2022 SELECT * FROM games WHERE useruid = '628374c6-5f0c-4130-a75f-99c107de73a6';
DEBUG: PSQLConnector Sat Nov 05 12:29:07 MSK 2022 SELECT * FROM words WHERE countletters = 5
DEBUG: PSQLConnector Sat Nov 05 12:29:14 MSK 2022 SELECT * FROM words WHERE countletters = 5
DEBUG: PSQLConnector Sat Nov 05 12:31:10 MSK 2022 SELECT * FROM words WHERE countletters = 5
DEBUG: PSQLConnector Sat Nov 05 12:42:41 MSK 2022 SELECT * FROM words WHERE countletters = 5
DEBUG: PSQLConnector Sat Nov 05 12:43:08 MSK 2022 SELECT * FROM words WHERE countletters = 5
DEBUG: PSQLConnector Sat Nov 05 12:44:49 MSK 2022 SELECT * FROM words WHERE countletters = 5
DEBUG: PSQLConnector Sat Nov 05 12:45:30 MSK 2022 SELECT * FROM words WHERE countletters = 5
DEBUG: PSQLConnector Sat Nov 05 12:46:44 MSK 2022 SELECT * FROM words WHERE countletters = 5
DEBUG: PSQLConnector Sat Nov 05 12:47:16 MSK 2022 SELECT * FROM words WHERE countletters = 5
DEBUG: PSQLConnector Sat Nov 05 12:47:37 MSK 2022 SELECT * FROM words WHERE countletters = 5
DEBUG: PSQLConnector Sat Nov 05 12:48:08 MSK 2022 SELECT * FROM words WHERE countletters = 5
DEBUG: PSQLConnector Sat Nov 05 12:49:11 MSK 2022 SELECT * FROM words WHERE countletters = 5
DEBUG: PSQLConnector Sat Nov 05 12:50:34 MSK 2022 SELECT * FROM words WHERE countletters = 5
DEBUG: PSQLConnector Sat Nov 05 12:53:09 MSK 2022 SELECT * FROM words WHERE countletters = 5
DEBUG: PSQLConnector Sat Nov 05 12:53:51 MSK 2022 SELECT * FROM words WHERE countletters = 5
DEBUG: PSQLConnector Sat Nov 05 12:54:34 MSK 2022 SELECT * FROM words WHERE countletters = 5
DEBUG: PSQLConnector Sat Nov 05 12:55:31 MSK 2022 SELECT * FROM words WHERE countletters = 5
DEBUG: PSQLConnector Sat Nov 05 13:01:51 MSK 2022 SELECT * FROM words WHERE countletters = 5
DEBUG: PSQLConnector Sat Nov 05 13:06:42 MSK 2022 SELECT * FROM words WHERE countletters = 5
DEBUG: PSQLConnector Sat Nov 05 13:06:55 MSK 2022 SELECT * FROM words WHERE countletters = 5
DEBUG: PSQLConnector Sat Nov 05 13:07:42 MSK 2022 SELECT * FROM words WHERE countletters = 5
DEBUG: PSQLConnector Sat Nov 05 13:07:54 MSK 2022 SELECT * FROM words WHERE countletters = 5
DEBUG: PSQLConnector Sat Nov 05 13:08:25 MSK 2022 SELECT * FROM words WHERE countletters = 5
DEBUG: PSQLConnector Sat Nov 05 13:13:52 MSK 2022 SELECT * FROM words WHERE countletters = 5
DEBUG: PSQLConnector Sat Nov 05 13:14:36 MSK 2022 SELECT * FROM words WHERE countletters = 5
DEBUG: PSQLConnector Sat Nov 05 13:26:12 MSK 2022 SELECT * FROM words WHERE countletters = 5
DEBUG: PSQLConnector Sat Nov 05 13:29:59 MSK 2022 SELECT * FROM words WHERE countletters = 5
DEBUG: PSQLConnector Sat Nov 05 13:43:33 MSK 2022 SELECT * FROM words WHERE countletters = 5
DEBUG: PSQLConnector Sat Nov 05 13:43:38 MSK 2022 SELECT * FROM words WHERE countletters = 5
DEBUG: PSQLConnector Sat Nov 05 13:45:31 MSK 2022 SELECT * FROM words WHERE countletters = 5
DEBUG: PSQLConnector Sat Nov 05 13:47:25 MSK 2022 SELECT * FROM words WHERE countletters = 5
DEBUG: PSQLConnector Sat Nov 05 16:56:08 MSK 2022 sending query SELECT * FROM users WHERE login = 'test'; to PSQL
DEBUG: PSQLConnector Sat Nov 05 16:56:08 MSK 2022 SELECT * FROM users WHERE login = 'test';
DEBUG: JwtUserDetailsService Sat Nov 05 16:56:08 MSK 2022 user with login test successfully loaded
DEBUG: PSQLConnector Sat Nov 05 16:56:08 MSK 2022 sending query SELECT * FROM users WHERE login = 'test'; to PSQL
DEBUG: PSQLConnector Sat Nov 05 16:56:08 MSK 2022 SELECT * FROM users WHERE login = 'test';
DEBUG: PSQLConnector Sat Nov 05 16:56:35 MSK 2022 sending query SELECT * FROM users WHERE login = 'test'; to PSQL
DEBUG: PSQLConnector Sat Nov 05 16:56:35 MSK 2022 SELECT * FROM users WHERE login = 'test';
DEBUG: JwtUserDetailsService Sat Nov 05 16:56:35 MSK 2022 user with login test successfully loaded
DEBUG: PSQLConnector Sat Nov 05 16:56:35 MSK 2022 sending query SELECT * FROM games WHERE useruid = '628374c6-5f0c-4130-a75f-99c107de73a6'; to PSQL
DEBUG: PSQLConnector Sat Nov 05 16:56:35 MSK 2022 SELECT * FROM games WHERE useruid = '628374c6-5f0c-4130-a75f-99c107de73a6';
DEBUG: PSQLConnector Sat Nov 05 16:57:00 MSK 2022 sending query SELECT * FROM users WHERE login = 'test'; to PSQL
DEBUG: PSQLConnector Sat Nov 05 16:57:00 MSK 2022 SELECT * FROM users WHERE login = 'test';
DEBUG: JwtUserDetailsService Sat Nov 05 16:57:00 MSK 2022 user with login test successfully loaded
DEBUG: PSQLConnector Sat Nov 05 16:57:00 MSK 2022 sending query SELECT * FROM games WHERE useruid = '628374c6-5f0c-4130-a75f-99c107de73a6'; to PSQL
DEBUG: PSQLConnector Sat Nov 05 16:57:00 MSK 2022 SELECT * FROM games WHERE useruid = '628374c6-5f0c-4130-a75f-99c107de73a6';
DEBUG: PSQLConnector Sat Nov 05 16:57:00 MSK 2022 sending query SELECT * FROM words WHERE countletters = 5; to PSQL
DEBUG: PSQLConnector Sat Nov 05 16:57:00 MSK 2022 SELECT * FROM words WHERE countletters = 5;
DEBUG: PSQLConnector Sat Nov 05 16:57:00 MSK 2022 sending query INSERT INTO games(uid, created, useruid, updated, status, time, hiddenWord, countAttempts) VALUES ('ed0755f5-1f48-412f-a802-ace6930a9540', '2022-11-05', '628374c6-5f0c-4130-a75f-99c107de73a6', '2022-11-05', 'IN_GAME', '', 'транш', '0'); to PSQL
DEBUG: PSQLConnector Sat Nov 05 16:57:00 MSK 2022 INSERT INTO games(uid, created, useruid, updated, status, time, hiddenWord, countAttempts) VALUES ('ed0755f5-1f48-412f-a802-ace6930a9540', '2022-11-05', '628374c6-5f0c-4130-a75f-99c107de73a6', '2022-11-05', 'IN_GAME', '', 'транш', '0');
DEBUG: PSQLConnector Sat Nov 05 17:13:26 MSK 2022 sending query SELECT * FROM users WHERE login = 'test'; to PSQL
DEBUG: PSQLConnector Sat Nov 05 17:13:26 MSK 2022 SELECT * FROM users WHERE login = 'test';
DEBUG: JwtUserDetailsService Sat Nov 05 17:13:26 MSK 2022 user with login test successfully loaded
DEBUG: PSQLConnector Sat Nov 05 17:13:26 MSK 2022 sending query SELECT * FROM games WHERE useruid = '628374c6-5f0c-4130-a75f-99c107de73a6'; to PSQL
DEBUG: PSQLConnector Sat Nov 05 17:13:26 MSK 2022 SELECT * FROM games WHERE useruid = '628374c6-5f0c-4130-a75f-99c107de73a6';
DEBUG: PSQLConnector Sat Nov 05 17:13:40 MSK 2022 sending query SELECT * FROM users WHERE login = 'test'; to PSQL
DEBUG: PSQLConnector Sat Nov 05 17:13:40 MSK 2022 SELECT * FROM users WHERE login = 'test';
DEBUG: JwtUserDetailsService Sat Nov 05 17:13:40 MSK 2022 user with login test successfully loaded
DEBUG: PSQLConnector Sat Nov 05 17:13:40 MSK 2022 sending query SELECT * FROM games WHERE useruid = '628374c6-5f0c-4130-a75f-99c107de73a6'; to PSQL
DEBUG: PSQLConnector Sat Nov 05 17:13:40 MSK 2022 SELECT * FROM games WHERE useruid = '628374c6-5f0c-4130-a75f-99c107de73a6';
DEBUG: PSQLConnector Sat Nov 05 17:13:40 MSK 2022 sending query SELECT * FROM words WHERE countletters = 5; to PSQL
DEBUG: PSQLConnector Sat Nov 05 17:13:40 MSK 2022 SELECT * FROM words WHERE countletters = 5;
DEBUG: PSQLConnector Sat Nov 05 17:13:40 MSK 2022 sending query INSERT INTO games(uid, created, useruid, updated, status, time, hiddenWord, countAttempts) VALUES ('7d450e26-60db-4487-95f3-6ca0b7f8f6d5', '2022-11-05', '628374c6-5f0c-4130-a75f-99c107de73a6', '2022-11-05', 'IN_GAME', '', 'уника', '0'); to PSQL
DEBUG: PSQLConnector Sat Nov 05 17:13:40 MSK 2022 INSERT INTO games(uid, created, useruid, updated, status, time, hiddenWord, countAttempts) VALUES ('7d450e26-60db-4487-95f3-6ca0b7f8f6d5', '2022-11-05', '628374c6-5f0c-4130-a75f-99c107de73a6', '2022-11-05', 'IN_GAME', '', 'уника', '0');
DEBUG: PSQLConnector Sat Nov 05 19:06:02 MSK 2022 sending query SELECT * FROM users WHERE login = 'test'; to PSQL
DEBUG: PSQLConnector Sat Nov 05 19:06:02 MSK 2022 SELECT * FROM users WHERE login = 'test';
DEBUG: JwtUserDetailsService Sat Nov 05 19:06:02 MSK 2022 user with login test successfully loaded
DEBUG: PSQLConnector Sat Nov 05 19:06:02 MSK 2022 sending query SELECT * FROM words WHERE value = 'батон'; to PSQL
DEBUG: PSQLConnector Sat Nov 05 19:06:02 MSK 2022 SELECT * FROM words WHERE value = 'батон';
DEBUG: PSQLConnector Sat Nov 05 19:06:02 MSK 2022 sending query SELECT * FROM games WHERE uid = '7d450e26-60db-4487-95f3-6ca0b7f8f6d5'; to PSQL
DEBUG: PSQLConnector Sat Nov 05 19:06:02 MSK 2022 SELECT * FROM games WHERE uid = '7d450e26-60db-4487-95f3-6ca0b7f8f6d5';
DEBUG: PSQLConnector Sat Nov 05 19:06:25 MSK 2022 sending query SELECT * FROM users WHERE login = 'test'; to PSQL
DEBUG: PSQLConnector Sat Nov 05 19:06:25 MSK 2022 SELECT * FROM users WHERE login = 'test';
DEBUG: JwtUserDetailsService Sat Nov 05 19:06:25 MSK 2022 user with login test successfully loaded
DEBUG: PSQLConnector Sat Nov 05 19:06:25 MSK 2022 sending query SELECT * FROM words WHERE value = 'котон'; to PSQL
DEBUG: PSQLConnector Sat Nov 05 19:06:25 MSK 2022 SELECT * FROM words WHERE value = 'котон';
DEBUG: WordServiceImpl Sat Nov 05 19:06:25 MSK 2022 Найдено некоректное количество слов -  0.  Ожидалось 1.  Искомое слово -  Котон
DEBUG: PSQLConnector Sat Nov 05 19:06:25 MSK 2022 sending query SELECT * FROM games WHERE uid = '7d450e26-60db-4487-95f3-6ca0b7f8f6d5'; to PSQL
DEBUG: PSQLConnector Sat Nov 05 19:06:25 MSK 2022 SELECT * FROM games WHERE uid = '7d450e26-60db-4487-95f3-6ca0b7f8f6d5';
DEBUG: PSQLConnector Sat Nov 05 19:06:49 MSK 2022 sending query SELECT * FROM users WHERE login = 'test'; to PSQL
DEBUG: PSQLConnector Sat Nov 05 19:06:49 MSK 2022 SELECT * FROM users WHERE login = 'test';
DEBUG: JwtUserDetailsService Sat Nov 05 19:06:49 MSK 2022 user with login test successfully loaded
DEBUG: PSQLConnector Sat Nov 05 19:06:49 MSK 2022 sending query SELECT * FROM words WHERE value = 'уника'; to PSQL
DEBUG: PSQLConnector Sat Nov 05 19:06:49 MSK 2022 SELECT * FROM words WHERE value = 'уника';
DEBUG: PSQLConnector Sat Nov 05 19:06:49 MSK 2022 sending query SELECT * FROM games WHERE uid = '7d450e26-60db-4487-95f3-6ca0b7f8f6d5'; to PSQL
DEBUG: PSQLConnector Sat Nov 05 19:06:49 MSK 2022 SELECT * FROM games WHERE uid = '7d450e26-60db-4487-95f3-6ca0b7f8f6d5';
DEBUG: PSQLConnector Sat Nov 05 19:07:03 MSK 2022 sending query SELECT * FROM users WHERE login = 'test'; to PSQL
DEBUG: PSQLConnector Sat Nov 05 19:07:03 MSK 2022 SELECT * FROM users WHERE login = 'test';
DEBUG: JwtUserDetailsService Sat Nov 05 19:07:03 MSK 2022 user with login test successfully loaded
DEBUG: PSQLConnector Sat Nov 05 19:07:03 MSK 2022 sending query SELECT * FROM words WHERE value = 'униак'; to PSQL
DEBUG: PSQLConnector Sat Nov 05 19:07:03 MSK 2022 SELECT * FROM words WHERE value = 'униак';
DEBUG: WordServiceImpl Sat Nov 05 19:07:03 MSK 2022 Найдено некоректное количество слов -  0.  Ожидалось 1.  Искомое слово -  униак
DEBUG: PSQLConnector Sat Nov 05 19:07:03 MSK 2022 sending query SELECT * FROM games WHERE uid = '7d450e26-60db-4487-95f3-6ca0b7f8f6d5'; to PSQL
DEBUG: PSQLConnector Sat Nov 05 19:07:03 MSK 2022 SELECT * FROM games WHERE uid = '7d450e26-60db-4487-95f3-6ca0b7f8f6d5';
DEBUG: PSQLConnector Sat Nov 05 19:07:22 MSK 2022 sending query SELECT * FROM users WHERE login = 'test'; to PSQL
DEBUG: PSQLConnector Sat Nov 05 19:07:22 MSK 2022 SELECT * FROM users WHERE login = 'test';
DEBUG: JwtUserDetailsService Sat Nov 05 19:07:22 MSK 2022 user with login test successfully loaded
DEBUG: PSQLConnector Sat Nov 05 19:07:22 MSK 2022 sending query SELECT * FROM words WHERE value = 'униак'; to PSQL
DEBUG: PSQLConnector Sat Nov 05 19:07:22 MSK 2022 SELECT * FROM words WHERE value = 'униак';
DEBUG: WordServiceImpl Sat Nov 05 19:07:22 MSK 2022 Найдено некоректное количество слов -  0.  Ожидалось 1.  Искомое слово -  униак
DEBUG: PSQLConnector Sat Nov 05 19:07:22 MSK 2022 sending query SELECT * FROM games WHERE uid = '7d450e26-60db-4487-95f3-6ca0b7f8f6d5'; to PSQL
DEBUG: PSQLConnector Sat Nov 05 19:07:22 MSK 2022 SELECT * FROM games WHERE uid = '7d450e26-60db-4487-95f3-6ca0b7f8f6d5';
DEBUG: PSQLConnector Sat Nov 05 19:07:55 MSK 2022 sending query SELECT * FROM users WHERE login = 'test'; to PSQL
DEBUG: PSQLConnector Sat Nov 05 19:07:55 MSK 2022 SELECT * FROM users WHERE login = 'test';
DEBUG: JwtUserDetailsService Sat Nov 05 19:07:55 MSK 2022 user with login test successfully loaded
DEBUG: PSQLConnector Sat Nov 05 19:07:55 MSK 2022 sending query SELECT * FROM words WHERE value = 'униак'; to PSQL
DEBUG: PSQLConnector Sat Nov 05 19:07:55 MSK 2022 SELECT * FROM words WHERE value = 'униак';
DEBUG: WordServiceImpl Sat Nov 05 19:07:55 MSK 2022 Найдено некоректное количество слов -  0.  Ожидалось 1.  Искомое слово -  униак
DEBUG: PSQLConnector Sat Nov 05 19:07:55 MSK 2022 sending query SELECT * FROM games WHERE uid = '7d450e26-60db-4487-95f3-6ca0b7f8f6d5'; to PSQL
DEBUG: PSQLConnector Sat Nov 05 19:07:55 MSK 2022 SELECT * FROM games WHERE uid = '7d450e26-60db-4487-95f3-6ca0b7f8f6d5';
DEBUG: PSQLConnector Sat Nov 05 19:28:14 MSK 2022 sending query SELECT * FROM users WHERE login = 'test'; to PSQL
DEBUG: PSQLConnector Sat Nov 05 19:28:14 MSK 2022 SELECT * FROM users WHERE login = 'test';
DEBUG: JwtUserDetailsService Sat Nov 05 19:28:14 MSK 2022 user with login test successfully loaded
DEBUG: PSQLConnector Sat Nov 05 19:28:14 MSK 2022 sending query SELECT * FROM words WHERE value = 'униак'; to PSQL
DEBUG: PSQLConnector Sat Nov 05 19:28:14 MSK 2022 SELECT * FROM words WHERE value = 'униак';
DEBUG: WordServiceImpl Sat Nov 05 19:28:14 MSK 2022 Найдено некоректное количество слов -  0.  Ожидалось 1.  Искомое слово -  униак
DEBUG: PSQLConnector Sat Nov 05 19:28:31 MSK 2022 sending query SELECT * FROM users WHERE login = 'test'; to PSQL
DEBUG: PSQLConnector Sat Nov 05 19:28:31 MSK 2022 SELECT * FROM users WHERE login = 'test';
DEBUG: JwtUserDetailsService Sat Nov 05 19:28:31 MSK 2022 user with login test successfully loaded
DEBUG: PSQLConnector Sat Nov 05 19:28:31 MSK 2022 sending query SELECT * FROM words WHERE value = 'батон'; to PSQL
DEBUG: PSQLConnector Sat Nov 05 19:28:31 MSK 2022 SELECT * FROM words WHERE value = 'батон';
DEBUG: PSQLConnector Sat Nov 05 19:28:31 MSK 2022 sending query SELECT * FROM games WHERE uid = '7d450e26-60db-4487-95f3-6ca0b7f8f6d5'; to PSQL
DEBUG: PSQLConnector Sat Nov 05 19:28:31 MSK 2022 SELECT * FROM games WHERE uid = '7d450e26-60db-4487-95f3-6ca0b7f8f6d5';
DEBUG: PSQLConnector Sat Nov 05 19:29:43 MSK 2022 sending query SELECT * FROM users WHERE login = 'test'; to PSQL
DEBUG: PSQLConnector Sat Nov 05 19:29:43 MSK 2022 SELECT * FROM users WHERE login = 'test';
DEBUG: JwtUserDetailsService Sat Nov 05 19:29:43 MSK 2022 user with login test successfully loaded
DEBUG: PSQLConnector Sat Nov 05 19:29:43 MSK 2022 sending query SELECT * FROM words WHERE value = 'уника'; to PSQL
DEBUG: PSQLConnector Sat Nov 05 19:29:43 MSK 2022 SELECT * FROM words WHERE value = 'уника';
DEBUG: PSQLConnector Sat Nov 05 19:29:43 MSK 2022 sending query SELECT * FROM games WHERE uid = '7d450e26-60db-4487-95f3-6ca0b7f8f6d5'; to PSQL
DEBUG: PSQLConnector Sat Nov 05 19:29:43 MSK 2022 SELECT * FROM games WHERE uid = '7d450e26-60db-4487-95f3-6ca0b7f8f6d5';
DEBUG: PSQLConnector Sat Nov 05 19:31:04 MSK 2022 sending query SELECT * FROM users WHERE login = 'test'; to PSQL
DEBUG: PSQLConnector Sat Nov 05 19:31:04 MSK 2022 SELECT * FROM users WHERE login = 'test';
DEBUG: JwtUserDetailsService Sat Nov 05 19:31:04 MSK 2022 user with login test successfully loaded
DEBUG: PSQLConnector Sat Nov 05 19:31:04 MSK 2022 sending query SELECT * FROM words WHERE value = 'униgg'; to PSQL
DEBUG: PSQLConnector Sat Nov 05 19:31:04 MSK 2022 SELECT * FROM words WHERE value = 'униgg';
DEBUG: WordServiceImpl Sat Nov 05 19:31:04 MSK 2022 Найдено некоректное количество слов -  0.  Ожидалось 1.  Искомое слово -  униgg
DEBUG: PSQLConnector Sat Nov 05 20:10:21 MSK 2022 sending query SELECT * FROM users WHERE login = 'test'; to PSQL
DEBUG: PSQLConnector Sat Nov 05 20:10:21 MSK 2022 SELECT * FROM users WHERE login = 'test';
DEBUG: JwtUserDetailsService Sat Nov 05 20:10:21 MSK 2022 user with login test successfully loaded
DEBUG: PSQLConnector Sat Nov 05 20:10:21 MSK 2022 sending query SELECT * FROM words WHERE value = 'униgg'; to PSQL
DEBUG: PSQLConnector Sat Nov 05 20:10:21 MSK 2022 SELECT * FROM words WHERE value = 'униgg';
DEBUG: WordServiceImpl Sat Nov 05 20:10:21 MSK 2022 Найдено некоректное количество слов -  0.  Ожидалось 1.  Искомое слово -  униgg
DEBUG: PSQLConnector Sat Nov 05 20:10:38 MSK 2022 sending query SELECT * FROM users WHERE login = 'test'; to PSQL
DEBUG: PSQLConnector Sat Nov 05 20:10:38 MSK 2022 SELECT * FROM users WHERE login = 'test';
DEBUG: JwtUserDetailsService Sat Nov 05 20:10:38 MSK 2022 user with login test successfully loaded
DEBUG: PSQLConnector Sat Nov 05 20:10:38 MSK 2022 sending query SELECT * FROM words WHERE value = 'время'; to PSQL
DEBUG: PSQLConnector Sat Nov 05 20:10:38 MSK 2022 SELECT * FROM words WHERE value = 'время';
DEBUG: PSQLConnector Sat Nov 05 20:10:38 MSK 2022 sending query SELECT * FROM games WHERE uid = '7d450e26-60db-4487-95f3-6ca0b7f8f6d5'; to PSQL
DEBUG: PSQLConnector Sat Nov 05 20:10:38 MSK 2022 SELECT * FROM games WHERE uid = '7d450e26-60db-4487-95f3-6ca0b7f8f6d5';
DEBUG: PSQLConnector Sun Nov 06 15:33:07 MSK 2022 sending query SELECT * FROM users WHERE login = 'test'; to PSQL
DEBUG: PSQLConnector Sun Nov 06 15:33:07 MSK 2022 SELECT * FROM users WHERE login = 'test';
DEBUG: JwtUserDetailsService Sun Nov 06 15:33:07 MSK 2022 user with login test successfully loaded
DEBUG: PSQLConnector Sun Nov 06 15:33:08 MSK 2022 sending query SELECT * FROM users WHERE login = 'test'; to PSQL
DEBUG: PSQLConnector Sun Nov 06 15:33:08 MSK 2022 SELECT * FROM users WHERE login = 'test';
DEBUG: PSQLConnector Sun Nov 06 15:33:25 MSK 2022 sending query SELECT * FROM users WHERE login = 'test'; to PSQL
DEBUG: PSQLConnector Sun Nov 06 15:33:25 MSK 2022 SELECT * FROM users WHERE login = 'test';
DEBUG: JwtUserDetailsService Sun Nov 06 15:33:25 MSK 2022 user with login test successfully loaded
DEBUG: PSQLConnector Sun Nov 06 15:33:25 MSK 2022 sending query SELECT * FROM games WHERE uid = '7d450e26-60db-4487-95f3-6ca0b7f8f6d5'; to PSQL
DEBUG: PSQLConnector Sun Nov 06 15:33:25 MSK 2022 SELECT * FROM games WHERE uid = '7d450e26-60db-4487-95f3-6ca0b7f8f6d5';
DEBUG: PSQLConnector Sun Nov 06 15:33:25 MSK 2022 sending query SELECT * FROM users WHERE login = 'test'; to PSQL
DEBUG: PSQLConnector Sun Nov 06 15:33:25 MSK 2022 SELECT * FROM users WHERE login = 'test';
DEBUG: JwtUserDetailsService Sun Nov 06 15:33:25 MSK 2022 user with login test successfully loaded
DEBUG: PSQLConnector Sun Nov 06 15:33:50 MSK 2022 sending query SELECT * FROM users WHERE login = 'test'; to PSQL
DEBUG: PSQLConnector Sun Nov 06 15:33:50 MSK 2022 SELECT * FROM users WHERE login = 'test';
DEBUG: JwtUserDetailsService Sun Nov 06 15:33:50 MSK 2022 user with login test successfully loaded
DEBUG: PSQLConnector Sun Nov 06 15:33:52 MSK 2022 sending query SELECT * FROM games WHERE uid = '7d450e26-60db-4487-95f3-6ca0b7f8f6d5'; to PSQL
DEBUG: PSQLConnector Sun Nov 06 15:33:52 MSK 2022 SELECT * FROM games WHERE uid = '7d450e26-60db-4487-95f3-6ca0b7f8f6d5';
DEBUG: PSQLConnector Sun Nov 06 15:35:15 MSK 2022 sending query SELECT * FROM users WHERE login = 'test'; to PSQL
DEBUG: PSQLConnector Sun Nov 06 15:35:15 MSK 2022 SELECT * FROM users WHERE login = 'test';
DEBUG: JwtUserDetailsService Sun Nov 06 15:35:15 MSK 2022 user with login test successfully loaded
DEBUG: PSQLConnector Sun Nov 06 15:36:16 MSK 2022 sending query SELECT * FROM users WHERE login = 'test'; to PSQL
DEBUG: PSQLConnector Sun Nov 06 15:36:16 MSK 2022 SELECT * FROM users WHERE login = 'test';
DEBUG: JwtUserDetailsService Sun Nov 06 15:36:16 MSK 2022 user with login test successfully loaded
DEBUG: PSQLConnector Sun Nov 06 15:36:20 MSK 2022 sending query SELECT * FROM games WHERE uid = '7d450e26-60db-4487-95f3-6ca0b7f8f6d5'; to PSQL
DEBUG: PSQLConnector Sun Nov 06 15:36:20 MSK 2022 SELECT * FROM games WHERE uid = '7d450e26-60db-4487-95f3-6ca0b7f8f6d5';
DEBUG: PSQLConnector Sun Nov 06 15:36:28 MSK 2022 UPDATE games SET status = FINISHED,countattempts = 0,updated = 2022-11-06 WHERE uid = d278bca9-9db4-4f14-b68f-9e219910a012;
WARN!: PSQLConnector Sun Nov 06 15:36:28 MSK 2022 ОШИБКА: мусорное содержимое после числовой константы (примерное положение: "9d")
  Позиция: 96
DEBUG: PSQLConnector Sun Nov 06 15:37:02 MSK 2022 sending query SELECT * FROM users WHERE login = 'test'; to PSQL
DEBUG: PSQLConnector Sun Nov 06 15:37:02 MSK 2022 SELECT * FROM users WHERE login = 'test';
DEBUG: JwtUserDetailsService Sun Nov 06 15:37:02 MSK 2022 user with login test successfully loaded
DEBUG: PSQLConnector Sun Nov 06 15:37:04 MSK 2022 sending query SELECT * FROM games WHERE uid = '7d450e26-60db-4487-95f3-6ca0b7f8f6d5'; to PSQL
DEBUG: PSQLConnector Sun Nov 06 15:37:04 MSK 2022 SELECT * FROM games WHERE uid = '7d450e26-60db-4487-95f3-6ca0b7f8f6d5';
DEBUG: PSQLConnector Sun Nov 06 15:37:51 MSK 2022 UPDATE games SET status = FINISHED,countattempts = 0,updated = 2022-11-06 WHERE uid = 88e569b8-5ccb-4d39-8074-81dba618065b;
WARN!: PSQLConnector Sun Nov 06 15:37:51 MSK 2022 ОШИБКА: мусорное содержимое после числовой константы (примерное положение: "88e569b")
  Позиция: 87
DEBUG: PSQLConnector Sun Nov 06 15:38:09 MSK 2022 sending query SELECT * FROM users WHERE login = 'test'; to PSQL
DEBUG: PSQLConnector Sun Nov 06 15:38:09 MSK 2022 SELECT * FROM users WHERE login = 'test';
DEBUG: JwtUserDetailsService Sun Nov 06 15:38:09 MSK 2022 user with login test successfully loaded
DEBUG: PSQLConnector Sun Nov 06 15:38:11 MSK 2022 sending query SELECT * FROM games WHERE uid = '7d450e26-60db-4487-95f3-6ca0b7f8f6d5'; to PSQL
DEBUG: PSQLConnector Sun Nov 06 15:38:11 MSK 2022 SELECT * FROM games WHERE uid = '7d450e26-60db-4487-95f3-6ca0b7f8f6d5';
DEBUG: PSQLConnector Sun Nov 06 15:38:13 MSK 2022 UPDATE games SET status = FINISHED,countattempts = 0,updated = 2022-11-06 WHERE uid = 48b87551-a968-44b1-afd3-3e25ef2c7fcf;
WARN!: PSQLConnector Sun Nov 06 15:38:13 MSK 2022 ОШИБКА: мусорное содержимое после числовой константы (примерное положение: "48b")
  Позиция: 87
DEBUG: PSQLConnector Sun Nov 06 15:38:37 MSK 2022 sending query SELECT * FROM users WHERE login = 'test'; to PSQL
DEBUG: PSQLConnector Sun Nov 06 15:38:37 MSK 2022 SELECT * FROM users WHERE login = 'test';
DEBUG: JwtUserDetailsService Sun Nov 06 15:38:37 MSK 2022 user with login test successfully loaded
DEBUG: PSQLConnector Sun Nov 06 15:38:39 MSK 2022 sending query SELECT * FROM games WHERE uid = '7d450e26-60db-4487-95f3-6ca0b7f8f6d5'; to PSQL
DEBUG: PSQLConnector Sun Nov 06 15:38:39 MSK 2022 SELECT * FROM games WHERE uid = '7d450e26-60db-4487-95f3-6ca0b7f8f6d5';
DEBUG: PSQLConnector Sun Nov 06 15:38:40 MSK 2022 UPDATE games SET status = FINISHED,countattempts = 0,updated = 2022-11-06 WHERE uid = '935072a1-bc56-4132-abf7-951335ba8d7d';
WARN!: PSQLConnector Sun Nov 06 15:38:40 MSK 2022 ОШИБКА: столбец "finished" не существует
  Позиция: 27
DEBUG: PSQLConnector Sun Nov 06 15:40:31 MSK 2022 sending query SELECT * FROM users WHERE login = 'test'; to PSQL
DEBUG: PSQLConnector Sun Nov 06 15:40:31 MSK 2022 SELECT * FROM users WHERE login = 'test';
DEBUG: JwtUserDetailsService Sun Nov 06 15:40:31 MSK 2022 user with login test successfully loaded
DEBUG: PSQLConnector Sun Nov 06 15:41:25 MSK 2022 sending query SELECT * FROM games WHERE uid = '7d450e26-60db-4487-95f3-6ca0b7f8f6d5'; to PSQL
DEBUG: PSQLConnector Sun Nov 06 15:41:25 MSK 2022 SELECT * FROM games WHERE uid = '7d450e26-60db-4487-95f3-6ca0b7f8f6d5';
DEBUG: PSQLConnector Sun Nov 06 15:41:25 MSK 2022 UPDATE games SET status = FINISHED,countattempts = 0,updated = 2022-11-06 WHERE uid = 'ebad72be-54ed-4b28-ab3d-ed8e0843edb1';
WARN!: PSQLConnector Sun Nov 06 15:41:25 MSK 2022 ОШИБКА: столбец "finished" не существует
  Позиция: 27
DEBUG: PSQLConnector Sun Nov 06 15:41:35 MSK 2022 sending query SELECT * FROM users WHERE login = 'test'; to PSQL
DEBUG: PSQLConnector Sun Nov 06 15:41:35 MSK 2022 SELECT * FROM users WHERE login = 'test';
DEBUG: JwtUserDetailsService Sun Nov 06 15:41:35 MSK 2022 user with login test successfully loaded
DEBUG: PSQLConnector Sun Nov 06 15:41:37 MSK 2022 sending query SELECT * FROM games WHERE uid = '7d450e26-60db-4487-95f3-6ca0b7f8f6d5'; to PSQL
DEBUG: PSQLConnector Sun Nov 06 15:41:37 MSK 2022 SELECT * FROM games WHERE uid = '7d450e26-60db-4487-95f3-6ca0b7f8f6d5';
DEBUG: PSQLConnector Sun Nov 06 15:41:43 MSK 2022 UPDATE games SET status = FINISHED,countattempts = 0,updated = 2022-11-06 WHERE uid = '7d450e26-60db-4487-95f3-6ca0b7f8f6d5';
WARN!: PSQLConnector Sun Nov 06 15:41:43 MSK 2022 ОШИБКА: столбец "finished" не существует
  Позиция: 27
DEBUG: PSQLConnector Sun Nov 06 15:43:49 MSK 2022 sending query SELECT * FROM users WHERE login = 'test'; to PSQL
DEBUG: PSQLConnector Sun Nov 06 15:43:49 MSK 2022 SELECT * FROM users WHERE login = 'test';
DEBUG: JwtUserDetailsService Sun Nov 06 15:43:49 MSK 2022 user with login test successfully loaded
DEBUG: PSQLConnector Sun Nov 06 15:43:51 MSK 2022 sending query SELECT * FROM games WHERE uid = '7d450e26-60db-4487-95f3-6ca0b7f8f6d5'; to PSQL
DEBUG: PSQLConnector Sun Nov 06 15:43:51 MSK 2022 SELECT * FROM games WHERE uid = '7d450e26-60db-4487-95f3-6ca0b7f8f6d5';
DEBUG: PSQLConnector Sun Nov 06 15:43:57 MSK 2022 UPDATE games SET status = 'FINISHED',countattempts = '0',updated = '2022-11-06' WHERE uid = '7d450e26-60db-4487-95f3-6ca0b7f8f6d5';
